2024-09-06 00:29:44 DEBUG - Got browser profile options from settings file: 
{disable-popup-blocking=true, profile.default_content_settings.popups=0, download.prompt_for_download=false, intl.accept_languages=en, safebrowsing.enabled=true, download.default_directory=./downloads}
2024-09-06 00:29:44 DEBUG - Got browser logging preferences from settings file: 
{Performance=All}
2024-09-06 00:29:46 DEBUG - Set '15' timeout in seconds for loading of pages
2024-09-06 00:29:46 DEBUG - Set '15' timeout in seconds for loading of pages
2024-09-06 00:29:46 DEBUG - Set async javascript execution timeout '10' in seconds
2024-09-06 00:29:46 DEBUG - Set async javascript execution timeout '10' in seconds
2024-09-06 00:29:46 INFO  - Browser 'CHROME' ready...
2024-09-06 00:29:46 INFO  - Browser 'CHROME' ready...
2024-09-06 00:29:46 INFO  - Maximizing browser window
2024-09-06 00:29:46 INFO  - Maximizing browser window
2024-09-06 00:29:46 INFO  - Navigate to url - 'https://the-internet.herokuapp.com'
2024-09-06 00:29:46 INFO  - Navigate to url - 'https://the-internet.herokuapp.com'
2024-09-06 00:29:50 INFO  - Link 'JavaScript Alerts' :: Clicking
2024-09-06 00:29:50 INFO  - Link 'Sortable Data Tables' :: Clicking
2024-09-06 00:29:51 INFO  - Button 'Click for JS alert' :: Clicking
2024-09-06 00:29:51 INFO  - Accepting browser alert
2024-09-06 00:29:51 INFO  - Closing browser
2024-09-06 00:29:51 INFO  - Label 'due 1' :: Getting text from element
2024-09-06 00:29:52 INFO  - Label 'due 1' :: Element's text: [$50.00]
2024-09-06 00:29:52 INFO  - Label 'due 2' :: Getting text from element
2024-09-06 00:29:52 INFO  - Label 'due 2' :: Element's text: [$51.00]
2024-09-06 00:29:52 INFO  - Label 'due 3' :: Getting text from element
2024-09-06 00:29:52 INFO  - Label 'due 3' :: Element's text: [$100.00]
2024-09-06 00:29:52 INFO  - Label 'due 4' :: Getting text from element
2024-09-06 00:29:52 INFO  - Label 'due 4' :: Element's text: [$50.00]
2024-09-06 00:29:52 INFO  - Closing browser
